<?xml version="1.0" encoding="UTF-8"?>
<!-- Generated by org.testng.reporters.JUnitReportReporter -->
<testsuite skipped="0" hostname="QSP-021" name="famework.puma.TestLogin" tests="1" failures="0" timestamp="09 May 2018 13:52:59 GMT" time="97.475" errors="0">
  <testcase name="Logintest" time="97.475" classname="famework.puma.TestLogin"/>
</testsuite> <!-- famework.puma.TestLogin -->
