<?xml version="1.0" encoding="UTF-8"?>
<!-- Generated by org.testng.reporters.JUnitReportReporter -->
<testsuite skipped="0" hostname="QSP-021" name="driverScript.driverScript" tests="1" failures="0" timestamp="09 May 2018 06:46:30 GMT" time="0.476" errors="0">
  <testcase name="ExecutionFlow" time="0.476" classname="driverScript.driverScript"/>
</testsuite> <!-- driverScript.driverScript -->
